#
# There is insufficient memory for the Java Runtime Environment to continue.
# Native memory allocation (malloc) failed to allocate 343056 bytes. Error detail: Chunk::new
# Possible reasons:
#   The system is out of physical RAM or swap space
#   This process is running with CompressedOops enabled, and the Java Heap may be blocking the growth of the native heap
# Possible solutions:
#   Reduce memory load on the system
#   Increase physical memory or swap space
#   Check if swap backing store is full
#   Decrease Java heap size (-Xmx/-Xms)
#   Decrease number of Java threads
#   Decrease Java thread stack sizes (-Xss)
#   Set larger code cache with -XX:ReservedCodeCacheSize=
#   JVM is running with Unscaled Compressed Oops mode in which the Java heap is
#     placed in the first 4GB address space. The Java Heap base address is the
#     maximum limit for the native heap growth. Please use -XX:HeapBaseMinAddress
#     to set the Java Heap base and to place the Java Heap above 4GB virtual address.
# This output file may be truncated or incomplete.
#
#  Out of Memory Error (arena.cpp:191), pid=6632, tid=14232
#
# JRE version: OpenJDK Runtime Environment Temurin-17.0.12+7 (17.0.12+7) (build 17.0.12+7)
# Java VM: OpenJDK 64-Bit Server VM Temurin-17.0.12+7 (17.0.12+7, mixed mode, tiered, compressed oops, compressed class ptrs, parallel gc, windows-amd64)
# No core dump will be written. Minidumps are not enabled by default on client versions of Windows
#

---------------  S U M M A R Y ------------

Command Line: --add-modules=ALL-SYSTEM --add-opens=java.base/java.util=ALL-UNNAMED --add-opens=java.base/java.lang=ALL-UNNAMED --add-opens=java.base/sun.nio.fs=ALL-UNNAMED -Declipse.application=org.eclipse.jdt.ls.core.id1 -Dosgi.bundles.defaultStartLevel=4 -Declipse.product=org.eclipse.jdt.ls.core.product -Djava.import.generatesMetadataFilesAtProjectRoot=false -DDetectVMInstallationsJob.disabled=true -Dfile.encoding=utf8 -XX:+UseParallelGC -XX:GCTimeRatio=4 -XX:AdaptiveSizePolicyWeight=90 -Dsun.zip.disableMemoryMapping=true -Xmx1G -Xms100m -Xlog:disable -javaagent:c:\Users\santi\.vscode\extensions\redhat.java-1.35.1-win32-x64\lombok\lombok-1.18.33.jar -XX:+HeapDumpOnOutOfMemoryError -XX:HeapDumpPath=c:\Users\santi\AppData\Roaming\Code\User\workspaceStorage\f05b41fcda697319eff167f4184182c6\redhat.java -Daether.dependencyCollector.impl=bf c:\Users\santi\.vscode\extensions\redhat.java-1.35.1-win32-x64\server\plugins\org.eclipse.equinox.launcher_1.6.900.v20240613-2009.jar -configuration c:\Users\santi\AppData\Roaming\Code\User\globalStorage\redhat.java\1.35.1\config_win -data c:\Users\santi\AppData\Roaming\Code\User\workspaceStorage\f05b41fcda697319eff167f4184182c6\redhat.java\jdt_ws --pipe=\\.\pipe\lsp-6a8bff11b285e7c9809fea0971e2c49d-sock

Host: AMD Ryzen 7 3700U with Radeon Vega Mobile Gfx  , 8 cores, 3G,  Windows 11 , 64 bit Build 22621 (10.0.22621.3958)
Time: Fri Oct 11 00:55:49 2024 Venezuela Standard Time elapsed time: 20.084663 seconds (0d 0h 0m 20s)

---------------  T H R E A D  ---------------

Current thread (0x0000020e6ce41c00):  JavaThread "C2 CompilerThread0" daemon [_thread_in_native, id=14232, stack(0x000000b0b3700000,0x000000b0b3800000)]


Current CompileTask:
C2:  20084 2440       4       org.eclipse.osgi.framework.util.CaseInsensitiveDictionaryMap::findCommonKeyIndex (930 bytes)

Stack: [0x000000b0b3700000,0x000000b0b3800000]
Native frames: (J=compiled Java code, j=interpreted, Vv=VM code, C=native code)
V  [jvm.dll+0x67f929]
V  [jvm.dll+0x8371ba]
V  [jvm.dll+0x838c7e]
V  [jvm.dll+0x8392e3]
V  [jvm.dll+0x24834f]
V  [jvm.dll+0xac9d4]
V  [jvm.dll+0xad01c]
V  [jvm.dll+0x367452]
V  [jvm.dll+0x33197a]
V  [jvm.dll+0x330e1a]
V  [jvm.dll+0x21a8b1]
V  [jvm.dll+0x219cf1]
V  [jvm.dll+0x1a58bd]
V  [jvm.dll+0x229a2d]
V  [jvm.dll+0x227bdc]
V  [jvm.dll+0x7ec1f7]
V  [jvm.dll+0x7e65dc]
V  [jvm.dll+0x67e7f7]
C  [ucrtbase.dll+0x29333]
C  [KERNEL32.DLL+0x1257d]
C  [ntdll.dll+0x5af08]


---------------  P R O C E S S  ---------------

Threads class SMR info:
_java_thread_list=0x0000020e6f023b40, length=25, elements={
0x0000020e53ce8300, 0x0000020e53d9c020, 0x0000020e53d9d550, 0x0000020e67b7c0e0,
0x0000020e67b7cf60, 0x0000020e6ce3a8e0, 0x0000020e6ce3e780, 0x0000020e6ce41c00,
0x0000020e6ce46b10, 0x0000020e6ce47120, 0x0000020e53d4a510, 0x0000020e6d199be0,
0x0000020e6e531ba0, 0x0000020e6e531690, 0x0000020e6e530760, 0x0000020e6e5325c0,
0x0000020e6e531180, 0x0000020e6e532ad0, 0x0000020e6e530c70, 0x0000020e6e530250,
0x0000020e6e532fe0, 0x0000020e6e52f830, 0x0000020e6e52fd40, 0x0000020e6e87c3d0,
0x0000020e6e880fc0
}

Java Threads: ( => current thread )
  0x0000020e53ce8300 JavaThread "main" [_thread_blocked, id=16172, stack(0x000000b0b2e00000,0x000000b0b2f00000)]
  0x0000020e53d9c020 JavaThread "Reference Handler" daemon [_thread_blocked, id=20148, stack(0x000000b0b3100000,0x000000b0b3200000)]
  0x0000020e53d9d550 JavaThread "Finalizer" daemon [_thread_blocked, id=15236, stack(0x000000b0b3200000,0x000000b0b3300000)]
  0x0000020e67b7c0e0 JavaThread "Signal Dispatcher" daemon [_thread_blocked, id=19872, stack(0x000000b0b3300000,0x000000b0b3400000)]
  0x0000020e67b7cf60 JavaThread "Attach Listener" daemon [_thread_blocked, id=21236, stack(0x000000b0b3400000,0x000000b0b3500000)]
  0x0000020e6ce3a8e0 JavaThread "Service Thread" daemon [_thread_blocked, id=21212, stack(0x000000b0b3500000,0x000000b0b3600000)]
  0x0000020e6ce3e780 JavaThread "Monitor Deflation Thread" daemon [_thread_blocked, id=9700, stack(0x000000b0b3600000,0x000000b0b3700000)]
=>0x0000020e6ce41c00 JavaThread "C2 CompilerThread0" daemon [_thread_in_native, id=14232, stack(0x000000b0b3700000,0x000000b0b3800000)]
  0x0000020e6ce46b10 JavaThread "C1 CompilerThread0" daemon [_thread_blocked, id=3508, stack(0x000000b0b3800000,0x000000b0b3900000)]
  0x0000020e6ce47120 JavaThread "Sweeper thread" daemon [_thread_blocked, id=20436, stack(0x000000b0b3900000,0x000000b0b3a00000)]
  0x0000020e53d4a510 JavaThread "Common-Cleaner" daemon [_thread_blocked, id=68, stack(0x000000b0b3a00000,0x000000b0b3b00000)]
  0x0000020e6d199be0 JavaThread "Notification Thread" daemon [_thread_blocked, id=11156, stack(0x000000b0b3b00000,0x000000b0b3c00000)]
  0x0000020e6e531ba0 JavaThread "Active Thread: Equinox Container: ff492a6a-a4f3-407a-aba1-bc4e10b72b5f" [_thread_blocked, id=19860, stack(0x000000b0b4800000,0x000000b0b4900000)]
  0x0000020e6e531690 JavaThread "Framework Event Dispatcher: Equinox Container: ff492a6a-a4f3-407a-aba1-bc4e10b72b5f" daemon [_thread_blocked, id=19928, stack(0x000000b0b4900000,0x000000b0b4a00000)]
  0x0000020e6e530760 JavaThread "Start Level: Equinox Container: ff492a6a-a4f3-407a-aba1-bc4e10b72b5f" daemon [_thread_in_native, id=16972, stack(0x000000b0b4a00000,0x000000b0b4b00000)]
  0x0000020e6e5325c0 JavaThread "Refresh Thread: Equinox Container: ff492a6a-a4f3-407a-aba1-bc4e10b72b5f" daemon [_thread_blocked, id=1112, stack(0x000000b0b4200000,0x000000b0b4300000)]
  0x0000020e6e531180 JavaThread "Equinox resolver thread - Equinox Container: ff492a6a-a4f3-407a-aba1-bc4e10b72b5f" daemon [_thread_blocked, id=11772, stack(0x000000b0b4300000,0x000000b0b4400000)]
  0x0000020e6e532ad0 JavaThread "Equinox resolver thread - Equinox Container: ff492a6a-a4f3-407a-aba1-bc4e10b72b5f" daemon [_thread_blocked, id=18752, stack(0x000000b0b4400000,0x000000b0b4500000)]
  0x0000020e6e530c70 JavaThread "Equinox resolver thread - Equinox Container: ff492a6a-a4f3-407a-aba1-bc4e10b72b5f" daemon [_thread_blocked, id=7296, stack(0x000000b0b4500000,0x000000b0b4600000)]
  0x0000020e6e530250 JavaThread "Equinox resolver thread - Equinox Container: ff492a6a-a4f3-407a-aba1-bc4e10b72b5f" daemon [_thread_blocked, id=17428, stack(0x000000b0b4600000,0x000000b0b4700000)]
  0x0000020e6e532fe0 JavaThread "Equinox resolver thread - Equinox Container: ff492a6a-a4f3-407a-aba1-bc4e10b72b5f" daemon [_thread_blocked, id=8468, stack(0x000000b0b4700000,0x000000b0b4800000)]
  0x0000020e6e52f830 JavaThread "Equinox resolver thread - Equinox Container: ff492a6a-a4f3-407a-aba1-bc4e10b72b5f" daemon [_thread_blocked, id=13836, stack(0x000000b0b4d00000,0x000000b0b4e00000)]
  0x0000020e6e52fd40 JavaThread "Equinox resolver thread - Equinox Container: ff492a6a-a4f3-407a-aba1-bc4e10b72b5f" daemon [_thread_blocked, id=2280, stack(0x000000b0b4e00000,0x000000b0b4f00000)]
  0x0000020e6e87c3d0 JavaThread "Equinox resolver thread - Equinox Container: ff492a6a-a4f3-407a-aba1-bc4e10b72b5f" daemon [_thread_blocked, id=4228, stack(0x000000b0b4f00000,0x000000b0b5000000)]
  0x0000020e6e880fc0 JavaThread "Bundle File Closer" daemon [_thread_blocked, id=21432, stack(0x000000b0b5000000,0x000000b0b5100000)]

Other Threads:
  0x0000020e6ce00c20 VMThread "VM Thread" [stack: 0x000000b0b3000000,0x000000b0b3100000] [id=18332]
  0x0000020e6d1b6760 WatcherThread [stack: 0x000000b0b3c00000,0x000000b0b3d00000] [id=21240]
  0x0000020e53cfd6d0 GCTaskThread "GC Thread#0" [stack: 0x000000b0b2f00000,0x000000b0b3000000] [id=21216]
  0x0000020e6e312820 GCTaskThread "GC Thread#1" [stack: 0x000000b0b3d00000,0x000000b0b3e00000] [id=20276]
  0x0000020e6e312ef0 GCTaskThread "GC Thread#2" [stack: 0x000000b0b3e00000,0x000000b0b3f00000] [id=19800]
  0x0000020e6e313bf0 GCTaskThread "GC Thread#3" [stack: 0x000000b0b3f00000,0x000000b0b4000000] [id=21116]
  0x0000020e6e313eb0 GCTaskThread "GC Thread#4" [stack: 0x000000b0b4000000,0x000000b0b4100000] [id=18340]
  0x0000020e6e314980 GCTaskThread "GC Thread#5" [stack: 0x000000b0b4100000,0x000000b0b4200000] [id=19924]
  0x0000020e6e338e20 GCTaskThread "GC Thread#6" [stack: 0x000000b0b4b00000,0x000000b0b4c00000] [id=21396]
  0x0000020e6d140890 GCTaskThread "GC Thread#7" [stack: 0x000000b0b4c00000,0x000000b0b4d00000] [id=15864]

Threads with active compile tasks:
C2 CompilerThread0    21440 2440       4       org.eclipse.osgi.framework.util.CaseInsensitiveDictionaryMap::findCommonKeyIndex (930 bytes)

VM state: not at safepoint (normal execution)

VM Mutex/Monitor currently owned by a thread: None

Heap address: 0x00000000c0000000, size: 1024 MB, Compressed Oops mode: 32-bit

CDS archive(s) not mapped
Compressed class space mapped at: 0x0000000100000000-0x0000000140000000, reserved size: 1073741824
Narrow klass base: 0x0000000000000000, Narrow klass shift: 3, Narrow klass range: 0x140000000

GC Precious Log:
 CPUs: 8 total, 8 available
 Memory: 3459M
 Large Page Support: Disabled
 NUMA Support: Disabled
 Compressed Oops: Enabled (32-bit)
 Alignments: Space 512K, Generation 512K, Heap 2M
 Heap Min Capacity: 100M
 Heap Initial Capacity: 100M
 Heap Max Capacity: 1G
 Pre-touch: Disabled
 Parallel Workers: 8

Heap:
 PSYoungGen      total 29696K, used 5687K [0x00000000eab00000, 0x00000000ecc00000, 0x0000000100000000)
  eden space 25600K, 6% used [0x00000000eab00000,0x00000000eac92660,0x00000000ec400000)
  from space 4096K, 99% used [0x00000000ec800000,0x00000000ecbfb748,0x00000000ecc00000)
  to   space 4096K, 0% used [0x00000000ec400000,0x00000000ec400000,0x00000000ec800000)
 ParOldGen       total 68608K, used 9283K [0x00000000c0000000, 0x00000000c4300000, 0x00000000eab00000)
  object space 68608K, 13% used [0x00000000c0000000,0x00000000c0910eb8,0x00000000c4300000)
 Metaspace       used 16698K, committed 16960K, reserved 1114112K
  class space    used 1662K, committed 1792K, reserved 1048576K

Card table byte_map: [0x0000020e53680000,0x0000020e53890000] _byte_map_base: 0x0000020e53080000

Marking Bits: (ParMarkBitMap*) 0x00007ff8b22358b0
 Begin Bits: [0x0000020e65980000, 0x0000020e66980000)
 End Bits:   [0x0000020e66980000, 0x0000020e67980000)

Polling page: 0x0000020e51c70000

Metaspace:

Usage:
  Non-class:     14.68 MB used.
      Class:      1.62 MB used.
       Both:     16.31 MB used.

Virtual space:
  Non-class space:       64.00 MB reserved,      14.81 MB ( 23%) committed,  1 nodes.
      Class space:        1.00 GB reserved,       1.75 MB ( <1%) committed,  1 nodes.
             Both:        1.06 GB reserved,      16.56 MB (  2%) committed. 

Chunk freelists:
   Non-Class:  624.00 KB
       Class:  14.31 MB
        Both:  14.92 MB

MaxMetaspaceSize: unlimited
CompressedClassSpaceSize: 1.00 GB
Initial GC threshold: 21.00 MB
Current GC threshold: 21.00 MB
CDS: off
MetaspaceReclaimPolicy: balanced
 - commit_granule_bytes: 65536.
 - commit_granule_words: 8192.
 - virtual_space_node_default_size: 8388608.
 - enlarge_chunks_in_place: 1.
 - new_chunks_are_fully_committed: 0.
 - uncommit_free_chunks: 1.
 - use_allocation_guard: 0.
 - handle_deallocations: 1.


Internal statistics:

num_allocs_failed_limit: 0.
num_arena_births: 106.
num_arena_deaths: 0.
num_vsnodes_births: 2.
num_vsnodes_deaths: 0.
num_space_committed: 265.
num_space_uncommitted: 0.
num_chunks_returned_to_freelist: 0.
num_chunks_taken_from_freelist: 357.
num_chunk_merges: 0.
num_chunk_splits: 229.
num_chunks_enlarged: 161.
num_inconsistent_stats: 0.

CodeHeap 'non-profiled nmethods': size=120000Kb used=986Kb max_used=986Kb free=119013Kb
 bounds [0x0000020e5e450000, 0x0000020e5e6c0000, 0x0000020e65980000]
CodeHeap 'profiled nmethods': size=120000Kb used=4829Kb max_used=4829Kb free=115171Kb
 bounds [0x0000020e56980000, 0x0000020e56e40000, 0x0000020e5deb0000]
CodeHeap 'non-nmethods': size=5760Kb used=1170Kb max_used=1236Kb free=4589Kb
 bounds [0x0000020e5deb0000, 0x0000020e5e120000, 0x0000020e5e450000]
 total_blobs=2950 nmethods=2488 adapters=376
 compilation: enabled
              stopped_count=0, restarted_count=0
 full_count=0

Compilation events (20 events):
Event: 19.901 Thread 0x0000020e6ce46b10 nmethod 2454 0x0000020e56e24e10 code [0x0000020e56e25000, 0x0000020e56e255b8]
Event: 19.902 Thread 0x0000020e6ce46b10 2455       3       java.security.SecureClassLoader::getProtectionDomain (38 bytes)
Event: 19.902 Thread 0x0000020e6ce46b10 nmethod 2455 0x0000020e56e25810 code [0x0000020e56e25a00, 0x0000020e56e25f88]
Event: 19.902 Thread 0x0000020e6ce46b10 2456       3       java.security.SecureClassLoader$CodeSourceKey::<init> (10 bytes)
Event: 19.903 Thread 0x0000020e6ce46b10 nmethod 2456 0x0000020e56e26190 code [0x0000020e56e26320, 0x0000020e56e26498]
Event: 19.903 Thread 0x0000020e6ce46b10 2457       3       java.security.SecureClassLoader$1::<init> (15 bytes)
Event: 19.903 Thread 0x0000020e6ce46b10 nmethod 2457 0x0000020e56e26590 code [0x0000020e56e26720, 0x0000020e56e268b8]
Event: 19.903 Thread 0x0000020e6ce46b10 2458       3       java.security.SecureClassLoader$CodeSourceKey::hashCode (21 bytes)
Event: 19.903 Thread 0x0000020e6ce46b10 nmethod 2458 0x0000020e56e26990 code [0x0000020e56e26b40, 0x0000020e56e26d28]
Event: 19.916 Thread 0x0000020e6ce46b10 2459       1       java.nio.charset.CharsetDecoder::charset (5 bytes)
Event: 19.916 Thread 0x0000020e6ce46b10 nmethod 2459 0x0000020e5e544510 code [0x0000020e5e5446a0, 0x0000020e5e544778]
Event: 19.917 Thread 0x0000020e6ce46b10 2460   !   3       java.util.concurrent.ConcurrentHashMap::transfer (850 bytes)
Event: 19.920 Thread 0x0000020e6ce46b10 nmethod 2460 0x0000020e56e26e10 code [0x0000020e56e27220, 0x0000020e56e29578]
Event: 19.920 Thread 0x0000020e6ce46b10 2462       3       java.util.ArrayList$ArrayListSpliterator::getFence (35 bytes)
Event: 19.921 Thread 0x0000020e6ce46b10 nmethod 2462 0x0000020e56e2ac10 code [0x0000020e56e2ada0, 0x0000020e56e2aef8]
Event: 19.921 Thread 0x0000020e6ce46b10 2461       1       java.util.ArrayList$ArrayListSpliterator::characteristics (4 bytes)
Event: 19.921 Thread 0x0000020e6ce46b10 nmethod 2461 0x0000020e5e544810 code [0x0000020e5e5449a0, 0x0000020e5e544a78]
Event: 19.924 Thread 0x0000020e6ce46b10 2463       1       java.util.stream.FindOps$FindOp::getOpFlags (5 bytes)
Event: 19.924 Thread 0x0000020e6ce46b10 nmethod 2463 0x0000020e5e544b10 code [0x0000020e5e544ca0, 0x0000020e5e544d78]
Event: 19.924 Thread 0x0000020e6ce46b10 2464       3       java.util.Locale::toString (274 bytes)

GC Heap History (6 events):
Event: 2.506 GC heap before
{Heap before GC invocations=1 (full 0):
 PSYoungGen      total 29696K, used 25600K [0x00000000eab00000, 0x00000000ecc00000, 0x0000000100000000)
  eden space 25600K, 100% used [0x00000000eab00000,0x00000000ec400000,0x00000000ec400000)
  from space 4096K, 0% used [0x00000000ec800000,0x00000000ec800000,0x00000000ecc00000)
  to   space 4096K, 0% used [0x00000000ec400000,0x00000000ec400000,0x00000000ec800000)
 ParOldGen       total 68608K, used 0K [0x00000000c0000000, 0x00000000c4300000, 0x00000000eab00000)
  object space 68608K, 0% used [0x00000000c0000000,0x00000000c0000000,0x00000000c4300000)
 Metaspace       used 11010K, committed 11136K, reserved 1114112K
  class space    used 1100K, committed 1152K, reserved 1048576K
}
Event: 2.518 GC heap after
{Heap after GC invocations=1 (full 0):
 PSYoungGen      total 29696K, used 3124K [0x00000000eab00000, 0x00000000ecc00000, 0x0000000100000000)
  eden space 25600K, 0% used [0x00000000eab00000,0x00000000eab00000,0x00000000ec400000)
  from space 4096K, 76% used [0x00000000ec400000,0x00000000ec70d330,0x00000000ec800000)
  to   space 4096K, 0% used [0x00000000ec800000,0x00000000ec800000,0x00000000ecc00000)
 ParOldGen       total 68608K, used 16K [0x00000000c0000000, 0x00000000c4300000, 0x00000000eab00000)
  object space 68608K, 0% used [0x00000000c0000000,0x00000000c0004000,0x00000000c4300000)
 Metaspace       used 11010K, committed 11136K, reserved 1114112K
  class space    used 1100K, committed 1152K, reserved 1048576K
}
Event: 11.846 GC heap before
{Heap before GC invocations=2 (full 0):
 PSYoungGen      total 29696K, used 28724K [0x00000000eab00000, 0x00000000ecc00000, 0x0000000100000000)
  eden space 25600K, 100% used [0x00000000eab00000,0x00000000ec400000,0x00000000ec400000)
  from space 4096K, 76% used [0x00000000ec400000,0x00000000ec70d330,0x00000000ec800000)
  to   space 4096K, 0% used [0x00000000ec800000,0x00000000ec800000,0x00000000ecc00000)
 ParOldGen       total 68608K, used 16K [0x00000000c0000000, 0x00000000c4300000, 0x00000000eab00000)
  object space 68608K, 0% used [0x00000000c0000000,0x00000000c0004000,0x00000000c4300000)
 Metaspace       used 14222K, committed 14400K, reserved 1114112K
  class space    used 1419K, committed 1472K, reserved 1048576K
}
Event: 11.864 GC heap after
{Heap after GC invocations=2 (full 0):
 PSYoungGen      total 29696K, used 4067K [0x00000000eab00000, 0x00000000ecc00000, 0x0000000100000000)
  eden space 25600K, 0% used [0x00000000eab00000,0x00000000eab00000,0x00000000ec400000)
  from space 4096K, 99% used [0x00000000ec800000,0x00000000ecbf8e08,0x00000000ecc00000)
  to   space 4096K, 0% used [0x00000000ec400000,0x00000000ec400000,0x00000000ec800000)
 ParOldGen       total 68608K, used 606K [0x00000000c0000000, 0x00000000c4300000, 0x00000000eab00000)
  object space 68608K, 0% used [0x00000000c0000000,0x00000000c0097bb8,0x00000000c4300000)
 Metaspace       used 14222K, committed 14400K, reserved 1114112K
  class space    used 1419K, committed 1472K, reserved 1048576K
}
Event: 13.496 GC heap before
{Heap before GC invocations=3 (full 0):
 PSYoungGen      total 29696K, used 29667K [0x00000000eab00000, 0x00000000ecc00000, 0x0000000100000000)
  eden space 25600K, 100% used [0x00000000eab00000,0x00000000ec400000,0x00000000ec400000)
  from space 4096K, 99% used [0x00000000ec800000,0x00000000ecbf8e08,0x00000000ecc00000)
  to   space 4096K, 0% used [0x00000000ec400000,0x00000000ec400000,0x00000000ec800000)
 ParOldGen       total 68608K, used 606K [0x00000000c0000000, 0x00000000c4300000, 0x00000000eab00000)
  object space 68608K, 0% used [0x00000000c0000000,0x00000000c0097bb8,0x00000000c4300000)
 Metaspace       used 14684K, committed 14848K, reserved 1114112K
  class space    used 1453K, committed 1536K, reserved 1048576K
}
Event: 13.513 GC heap after
{Heap after GC invocations=3 (full 0):
 PSYoungGen      total 29696K, used 4073K [0x00000000eab00000, 0x00000000ecc00000, 0x0000000100000000)
  eden space 25600K, 0% used [0x00000000eab00000,0x00000000eab00000,0x00000000ec400000)
  from space 4096K, 99% used [0x00000000ec400000,0x00000000ec7fa570,0x00000000ec800000)
  to   space 4096K, 0% used [0x00000000ec800000,0x00000000ec800000,0x00000000ecc00000)
 ParOldGen       total 68608K, used 6263K [0x00000000c0000000, 0x00000000c4300000, 0x00000000eab00000)
  object space 68608K, 9% used [0x00000000c0000000,0x00000000c061dcd8,0x00000000c4300000)
 Metaspace       used 14684K, committed 14848K, reserved 1114112K
  class space    used 1453K, committed 1536K, reserved 1048576K
}

Dll operation events (9 events):
Event: 0.170 Loaded shared library c:\Users\santi\.vscode\extensions\redhat.java-1.35.1-win32-x64\jre\17.0.12-win32-x86_64\bin\java.dll
Event: 0.606 Loaded shared library c:\Users\santi\.vscode\extensions\redhat.java-1.35.1-win32-x64\jre\17.0.12-win32-x86_64\bin\zip.dll
Event: 0.613 Loaded shared library C:\Users\santi\.vscode\extensions\redhat.java-1.35.1-win32-x64\jre\17.0.12-win32-x86_64\bin\instrument.dll
Event: 0.651 Loaded shared library C:\Users\santi\.vscode\extensions\redhat.java-1.35.1-win32-x64\jre\17.0.12-win32-x86_64\bin\net.dll
Event: 0.672 Loaded shared library C:\Users\santi\.vscode\extensions\redhat.java-1.35.1-win32-x64\jre\17.0.12-win32-x86_64\bin\nio.dll
Event: 0.688 Loaded shared library C:\Users\santi\.vscode\extensions\redhat.java-1.35.1-win32-x64\jre\17.0.12-win32-x86_64\bin\zip.dll
Event: 0.728 Loaded shared library C:\Users\santi\.vscode\extensions\redhat.java-1.35.1-win32-x64\jre\17.0.12-win32-x86_64\bin\jimage.dll
Event: 0.897 Loaded shared library c:\Users\santi\.vscode\extensions\redhat.java-1.35.1-win32-x64\jre\17.0.12-win32-x86_64\bin\verify.dll
Event: 13.353 Loaded shared library C:\Users\santi\AppData\Roaming\Code\User\globalStorage\redhat.java\1.35.1\config_win\org.eclipse.equinox.launcher\org.eclipse.equinox.launcher.win32.win32.x86_64_1.2.1100.v20240722-2106\eclipse_11904.dll

Deoptimization events (20 events):
Event: 13.809 Thread 0x0000020e6e530760 Uncommon trap: trap_request=0xffffff6e fr.pc=0x0000020e5e4aaa58 relative=0x0000000000000338
Event: 13.809 Thread 0x0000020e6e530760 Uncommon trap: reason=loop_limit_check action=maybe_recompile pc=0x0000020e5e4aaa58 method=java.lang.StringLatin1.indexOf([BI[BII)I @ 37 c2
Event: 13.809 Thread 0x0000020e6e530760 DEOPT PACKING pc=0x0000020e5e4aaa58 sp=0x000000b0b4afcdb0
Event: 13.809 Thread 0x0000020e6e530760 DEOPT UNPACKING pc=0x0000020e5df066a3 sp=0x000000b0b4afcd10 mode 2
Event: 13.964 Thread 0x0000020e6e530760 Uncommon trap: trap_request=0xffffffde fr.pc=0x0000020e5e4f00f0 relative=0x0000000000000070
Event: 13.964 Thread 0x0000020e6e530760 Uncommon trap: reason=class_check action=maybe_recompile pc=0x0000020e5e4f00f0 method=java.util.Collections$3.hasMoreElements()Z @ 4 c2
Event: 13.964 Thread 0x0000020e6e530760 DEOPT PACKING pc=0x0000020e5e4f00f0 sp=0x000000b0b4afd980
Event: 13.964 Thread 0x0000020e6e530760 DEOPT UNPACKING pc=0x0000020e5df066a3 sp=0x000000b0b4afd910 mode 2
Event: 13.964 Thread 0x0000020e6e530760 Uncommon trap: trap_request=0xffffffde fr.pc=0x0000020e5e4f00f0 relative=0x0000000000000070
Event: 13.964 Thread 0x0000020e6e530760 Uncommon trap: reason=class_check action=maybe_recompile pc=0x0000020e5e4f00f0 method=java.util.Collections$3.hasMoreElements()Z @ 4 c2
Event: 13.964 Thread 0x0000020e6e530760 DEOPT PACKING pc=0x0000020e5e4f00f0 sp=0x000000b0b4afd980
Event: 13.964 Thread 0x0000020e6e530760 DEOPT UNPACKING pc=0x0000020e5df066a3 sp=0x000000b0b4afd910 mode 2
Event: 13.964 Thread 0x0000020e6e530760 Uncommon trap: trap_request=0xffffffde fr.pc=0x0000020e5e4f00f0 relative=0x0000000000000070
Event: 13.964 Thread 0x0000020e6e530760 Uncommon trap: reason=class_check action=maybe_recompile pc=0x0000020e5e4f00f0 method=java.util.Collections$3.hasMoreElements()Z @ 4 c2
Event: 13.964 Thread 0x0000020e6e530760 DEOPT PACKING pc=0x0000020e5e4f00f0 sp=0x000000b0b4afd980
Event: 13.964 Thread 0x0000020e6e530760 DEOPT UNPACKING pc=0x0000020e5df066a3 sp=0x000000b0b4afd910 mode 2
Event: 13.965 Thread 0x0000020e6e530760 Uncommon trap: trap_request=0xffffffde fr.pc=0x0000020e5e4f00f0 relative=0x0000000000000070
Event: 13.965 Thread 0x0000020e6e530760 Uncommon trap: reason=class_check action=maybe_recompile pc=0x0000020e5e4f00f0 method=java.util.Collections$3.hasMoreElements()Z @ 4 c2
Event: 13.965 Thread 0x0000020e6e530760 DEOPT PACKING pc=0x0000020e5e4f00f0 sp=0x000000b0b4afd980
Event: 13.965 Thread 0x0000020e6e530760 DEOPT UNPACKING pc=0x0000020e5df066a3 sp=0x000000b0b4afd910 mode 2

Classes loaded (20 events):
Event: 14.720 Loading class java/util/ResourceBundle$NoFallbackControl
Event: 14.720 Loading class java/util/ResourceBundle$SingleFormatControl
Event: 14.720 Loading class java/util/ResourceBundle$SingleFormatControl done
Event: 14.720 Loading class java/util/ResourceBundle$NoFallbackControl done
Event: 14.721 Loading class sun/text/resources/cldr/FormatData
Event: 14.727 Loading class sun/text/resources/cldr/FormatData done
Event: 14.728 Loading class sun/util/resources/Bundles$BundleReference
Event: 14.728 Loading class sun/util/resources/Bundles$CacheKeyReference
Event: 14.728 Loading class sun/util/resources/Bundles$CacheKeyReference done
Event: 14.728 Loading class sun/util/resources/Bundles$BundleReference done
Event: 14.729 Loading class sun/text/resources/cldr/FormatData_en
Event: 14.730 Loading class sun/text/resources/cldr/FormatData_en done
Event: 14.730 Loading class sun/text/resources/cldr/FormatData_en_US
Event: 14.730 Loading class sun/text/resources/cldr/FormatData_en_US done
Event: 14.732 Loading class java/time/LocalTime$1
Event: 14.733 Loading class java/time/LocalTime$1 done
Event: 14.815 Loading class java/nio/file/StandardCopyOption
Event: 14.816 Loading class java/nio/file/StandardCopyOption done
Event: 14.837 Loading class sun/nio/fs/WindowsFileCopy
Event: 14.839 Loading class sun/nio/fs/WindowsFileCopy done

Classes unloaded (0 events):
No events

Classes redefined (0 events):
No events

Internal exceptions (20 events):
Event: 2.244 Thread 0x0000020e53ce8300 Exception <a 'java/io/FileNotFoundException'{0x00000000ec178f78}> (0x00000000ec178f78) 
thrown [s\src\hotspot\share\prims\jni.cpp, line 516]
Event: 2.331 Thread 0x0000020e53ce8300 Implicit null exception at 0x0000020e5e48d15b to 0x0000020e5e48db24
Event: 2.332 Thread 0x0000020e53ce8300 Implicit null exception at 0x0000020e5e49448e to 0x0000020e5e4946c4
Event: 2.332 Thread 0x0000020e53ce8300 Implicit null exception at 0x0000020e5e49560e to 0x0000020e5e495854
Event: 2.332 Thread 0x0000020e53ce8300 Implicit null exception at 0x0000020e5e49238f to 0x0000020e5e492405
Event: 2.544 Thread 0x0000020e53ce8300 Exception <a 'java/lang/NoSuchMethodError'{0x00000000eab5bf60}: 'int java.lang.invoke.DirectMethodHandle$Holder.invokeStaticInit(java.lang.Object, java.lang.Object, java.lang.Object, java.lang.Object)'> (0x00000000eab5bf60) 
thrown [s\src\hotspot\share\interpreter\linkResolver.cpp, line 759]
Event: 2.548 Thread 0x0000020e53ce8300 Exception <a 'java/lang/NoSuchMethodError'{0x00000000eab666c8}: 'java.lang.Object java.lang.invoke.DirectMethodHandle$Holder.invokeInterface(java.lang.Object, java.lang.Object)'> (0x00000000eab666c8) 
thrown [s\src\hotspot\share\interpreter\linkResolver.cpp, line 759]
Event: 2.549 Thread 0x0000020e53ce8300 Exception <a 'java/lang/IncompatibleClassChangeError'{0x00000000eab69ec0}: Found class java.lang.Object, but interface was expected> (0x00000000eab69ec0) 
thrown [s\src\hotspot\share\interpreter\linkResolver.cpp, line 826]
Event: 2.554 Thread 0x0000020e53ce8300 Exception <a 'java/lang/NoSuchMethodError'{0x00000000eab6e3a0}: 'void java.lang.invoke.DirectMethodHandle$Holder.invokeStatic(java.lang.Object, java.lang.Object)'> (0x00000000eab6e3a0) 
thrown [s\src\hotspot\share\interpreter\linkResolver.cpp, line 759]
Event: 2.556 Thread 0x0000020e53ce8300 Exception <a 'java/lang/NoSuchMethodError'{0x00000000eab71ba0}: 'void java.lang.invoke.DirectMethodHandle$Holder.invokeStaticInit(java.lang.Object, java.lang.Object)'> (0x00000000eab71ba0) 
thrown [s\src\hotspot\share\interpreter\linkResolver.cpp, line 759]
Event: 2.560 Thread 0x0000020e53ce8300 Exception <a 'java/lang/NoSuchMethodError'{0x00000000eab790c0}: 'int java.lang.invoke.DirectMethodHandle$Holder.invokeStaticInit(java.lang.Object, java.lang.Object)'> (0x00000000eab790c0) 
thrown [s\src\hotspot\share\interpreter\linkResolver.cpp, line 759]
Event: 3.169 Thread 0x0000020e53ce8300 Exception <a 'java/lang/NoSuchMethodError'{0x00000000eb6d6298}: 'int java.lang.invoke.DirectMethodHandle$Holder.invokeSpecial(java.lang.Object, java.lang.Object, java.lang.Object)'> (0x00000000eb6d6298) 
thrown [s\src\hotspot\share\interpreter\linkResolver.cpp, line 759]
Event: 3.338 Thread 0x0000020e53ce8300 Exception <a 'java/lang/NoSuchMethodError'{0x00000000ebce6518}: 'java.lang.Object java.lang.invoke.DirectMethodHandle$Holder.newInvokeSpecial(java.lang.Object, int, java.lang.Object)'> (0x00000000ebce6518) 
thrown [s\src\hotspot\share\interpreter\linkResolver.cpp, line 759]
Event: 13.243 Thread 0x0000020e53ce8300 Exception <a 'java/lang/UnsatisfiedLinkError'{0x00000000ebd84b10}: 'void org.eclipse.equinox.launcher.JNIBridge._update_splash()'> (0x00000000ebd84b10) 
thrown [s\src\hotspot\share\prims\nativeLookup.cpp, line 543]
Event: 13.267 Thread 0x0000020e6e5325c0 Exception <a 'java/lang/NoSuchMethodError'{0x00000000ebe393b0}: 'java.lang.Object java.lang.invoke.Invokers$Holder.invokeExact_MT(java.lang.Object, java.lang.Object, java.lang.Object, java.lang.Object, java.lang.Object, java.lang.Object)'> (0x00000000ebe393b0) 
thrown [s\src\hotspot\share\interpreter\linkResolver.cpp, line 759]
Event: 14.146 Thread 0x0000020e6e530760 Exception <a 'java/lang/NoSuchMethodError'{0x00000000eb74fe50}: 'java.lang.Object java.lang.invoke.DirectMethodHandle$Holder.invokeStaticInit(java.lang.Object)'> (0x00000000eb74fe50) 
thrown [s\src\hotspot\share\interpreter\linkResolver.cpp, line 759]
Event: 14.199 Thread 0x0000020e6e530760 Exception <a 'java/lang/NoSuchMethodError'{0x00000000eb7ec6f0}: 'java.lang.Object java.lang.invoke.DirectMethodHandle$Holder.newInvokeSpecial(java.lang.Object, java.lang.Object, int, java.lang.Object)'> (0x00000000eb7ec6f0) 
thrown [s\src\hotspot\share\interpreter\linkResolver.cpp, line 759]
Event: 14.201 Thread 0x0000020e6e530760 Exception <a 'java/lang/NoSuchMethodError'{0x00000000eb7f09d8}: 'java.lang.Object java.lang.invoke.DirectMethodHandle$Holder.invokeSpecial(java.lang.Object, java.lang.Object, java.lang.Object, int, java.lang.Object)'> (0x00000000eb7f09d8) 
thrown [s\src\hotspot\share\interpreter\linkResolver.cpp, line 759]
Event: 14.584 Thread 0x0000020e6e530760 Exception <a 'java/lang/NoSuchMethodError'{0x00000000eb99e400}: 'void java.lang.invoke.DirectMethodHandle$Holder.invokeSpecial(java.lang.Object, java.lang.Object, java.lang.Object)'> (0x00000000eb99e400) 
thrown [s\src\hotspot\share\interpreter\linkResolver.cpp, line 759]
Event: 14.623 Thread 0x0000020e6e530760 Exception <a 'java/lang/ClassNotFoundException'{0x00000000eba1f038}: sun/util/logging/resources/spi/loggingProvider> (0x00000000eba1f038) 
thrown [s\src\hotspot\share\classfile\systemDictionary.cpp, line 256]

VM Operations (20 events):
Event: 13.437 Executing VM operation: HandshakeAllThreads
Event: 13.437 Executing VM operation: HandshakeAllThreads done
Event: 13.496 Executing VM operation: ParallelGCFailedAllocation
Event: 13.513 Executing VM operation: ParallelGCFailedAllocation done
Event: 13.638 Executing VM operation: HandshakeAllThreads
Event: 13.639 Executing VM operation: HandshakeAllThreads done
Event: 14.535 Executing VM operation: HandshakeAllThreads
Event: 14.535 Executing VM operation: HandshakeAllThreads done
Event: 14.535 Executing VM operation: Cleanup
Event: 14.536 Executing VM operation: Cleanup done
Event: 14.690 Executing VM operation: HandshakeAllThreads
Event: 14.691 Executing VM operation: HandshakeAllThreads done
Event: 14.747 Executing VM operation: HandshakeAllThreads
Event: 14.747 Executing VM operation: HandshakeAllThreads done
Event: 14.766 Executing VM operation: HandshakeAllThreads
Event: 14.767 Executing VM operation: HandshakeAllThreads done
Event: 15.780 Executing VM operation: Cleanup
Event: 15.780 Executing VM operation: Cleanup done
Event: 19.813 Executing VM operation: Cleanup
Event: 19.813 Executing VM operation: Cleanup done

Events (20 events):
Event: 3.229 Thread 0x0000020e6e4e9240 Thread added: 0x0000020e6e4e9240
Event: 3.288 Thread 0x0000020e6e531ba0 Thread added: 0x0000020e6e531ba0
Event: 11.688 Thread 0x0000020e6e531690 Thread added: 0x0000020e6e531690
Event: 11.692 Thread 0x0000020e6e530760 Thread added: 0x0000020e6e530760
Event: 13.221 Thread 0x0000020e6e326dc0 Thread exited: 0x0000020e6e326dc0
Event: 13.227 Thread 0x0000020e6e4e8880 Thread exited: 0x0000020e6e4e8880
Event: 13.236 Thread 0x0000020e6e4446d0 Thread exited: 0x0000020e6e4446d0
Event: 13.236 Thread 0x0000020e6e4e8d60 Thread exited: 0x0000020e6e4e8d60
Event: 13.237 Thread 0x0000020e6e4e9240 Thread exited: 0x0000020e6e4e9240
Event: 13.237 Thread 0x0000020e6e4441f0 Thread exited: 0x0000020e6e4441f0
Event: 13.242 Thread 0x0000020e6e5325c0 Thread added: 0x0000020e6e5325c0
Event: 13.453 Thread 0x0000020e6e531180 Thread added: 0x0000020e6e531180
Event: 13.454 Thread 0x0000020e6e532ad0 Thread added: 0x0000020e6e532ad0
Event: 13.454 Thread 0x0000020e6e530c70 Thread added: 0x0000020e6e530c70
Event: 13.454 Thread 0x0000020e6e530250 Thread added: 0x0000020e6e530250
Event: 13.454 Thread 0x0000020e6e532fe0 Thread added: 0x0000020e6e532fe0
Event: 13.454 Thread 0x0000020e6e52f830 Thread added: 0x0000020e6e52f830
Event: 13.454 Thread 0x0000020e6e52fd40 Thread added: 0x0000020e6e52fd40
Event: 13.455 Thread 0x0000020e6e87c3d0 Thread added: 0x0000020e6e87c3d0
Event: 16.049 Thread 0x0000020e6e880fc0 Thread added: 0x0000020e6e880fc0


Dynamic libraries:
0x00007ff7afab0000 - 0x00007ff7afabe000 	c:\Users\santi\.vscode\extensions\redhat.java-1.35.1-win32-x64\jre\17.0.12-win32-x86_64\bin\java.exe
0x00007ff90ea50000 - 0x00007ff90ec67000 	C:\Windows\SYSTEM32\ntdll.dll
0x00007ff90e120000 - 0x00007ff90e1e4000 	C:\Windows\System32\KERNEL32.DLL
0x00007ff90c010000 - 0x00007ff90c3c7000 	C:\Windows\System32\KERNELBASE.dll
0x00007ff90c3d0000 - 0x00007ff90c4e1000 	C:\Windows\System32\ucrtbase.dll
0x00007ff8fce60000 - 0x00007ff8fce7b000 	c:\Users\santi\.vscode\extensions\redhat.java-1.35.1-win32-x64\jre\17.0.12-win32-x86_64\bin\VCRUNTIME140.dll
0x00007ff8f9ce0000 - 0x00007ff8f9cf7000 	c:\Users\santi\.vscode\extensions\redhat.java-1.35.1-win32-x64\jre\17.0.12-win32-x86_64\bin\jli.dll
0x00007ff90c9f0000 - 0x00007ff90cb9f000 	C:\Windows\System32\USER32.dll
0x00007ff8f2f80000 - 0x00007ff8f3213000 	C:\Windows\WinSxS\amd64_microsoft.windows.common-controls_6595b64144ccf1df_6.0.22621.3672_none_2713b9d173822955\COMCTL32.dll
0x00007ff90bd60000 - 0x00007ff90bd86000 	C:\Windows\System32\win32u.dll
0x00007ff90e040000 - 0x00007ff90e0e7000 	C:\Windows\System32\msvcrt.dll
0x00007ff90c800000 - 0x00007ff90c829000 	C:\Windows\System32\GDI32.dll
0x00007ff90bef0000 - 0x00007ff90c008000 	C:\Windows\System32\gdi32full.dll
0x00007ff90c6e0000 - 0x00007ff90c77a000 	C:\Windows\System32\msvcp_win.dll
0x00007ff90d720000 - 0x00007ff90d751000 	C:\Windows\System32\IMM32.DLL
0x00007ff9073d0000 - 0x00007ff9073dc000 	c:\Users\santi\.vscode\extensions\redhat.java-1.35.1-win32-x64\jre\17.0.12-win32-x86_64\bin\vcruntime140_1.dll
0x00007ff8be420000 - 0x00007ff8be4ad000 	c:\Users\santi\.vscode\extensions\redhat.java-1.35.1-win32-x64\jre\17.0.12-win32-x86_64\bin\msvcp140.dll
0x00007ff8b1690000 - 0x00007ff8b22fa000 	c:\Users\santi\.vscode\extensions\redhat.java-1.35.1-win32-x64\jre\17.0.12-win32-x86_64\bin\server\jvm.dll
0x00007ff90e1f0000 - 0x00007ff90e2a2000 	C:\Windows\System32\ADVAPI32.dll
0x00007ff90d760000 - 0x00007ff90d808000 	C:\Windows\System32\sechost.dll
0x00007ff90be00000 - 0x00007ff90be28000 	C:\Windows\System32\bcrypt.dll
0x00007ff90e2b0000 - 0x00007ff90e3c4000 	C:\Windows\System32\RPCRT4.dll
0x00007ff90d6a0000 - 0x00007ff90d711000 	C:\Windows\System32\WS2_32.dll
0x00007ff90bc30000 - 0x00007ff90bc7d000 	C:\Windows\SYSTEM32\POWRPROF.dll
0x00007ff9096c0000 - 0x00007ff9096f4000 	C:\Windows\SYSTEM32\WINMM.dll
0x00007ff902c00000 - 0x00007ff902c0a000 	C:\Windows\SYSTEM32\VERSION.dll
0x00007ff90bc10000 - 0x00007ff90bc23000 	C:\Windows\SYSTEM32\UMPDC.dll
0x00007ff90adb0000 - 0x00007ff90adc8000 	C:\Windows\SYSTEM32\kernel.appcore.dll
0x00007ff8fcea0000 - 0x00007ff8fceaa000 	c:\Users\santi\.vscode\extensions\redhat.java-1.35.1-win32-x64\jre\17.0.12-win32-x86_64\bin\jimage.dll
0x00007ff909440000 - 0x00007ff909672000 	C:\Windows\SYSTEM32\DBGHELP.DLL
0x00007ff90e680000 - 0x00007ff90ea0e000 	C:\Windows\System32\combase.dll
0x00007ff90d410000 - 0x00007ff90d4e7000 	C:\Windows\System32\OLEAUT32.dll
0x00007ff909680000 - 0x00007ff9096b2000 	C:\Windows\SYSTEM32\dbgcore.DLL
0x00007ff90c4f0000 - 0x00007ff90c56b000 	C:\Windows\System32\bcryptPrimitives.dll
0x00007ff8fc4c0000 - 0x00007ff8fc4ce000 	c:\Users\santi\.vscode\extensions\redhat.java-1.35.1-win32-x64\jre\17.0.12-win32-x86_64\bin\instrument.dll
0x00007ff8be710000 - 0x00007ff8be735000 	c:\Users\santi\.vscode\extensions\redhat.java-1.35.1-win32-x64\jre\17.0.12-win32-x86_64\bin\java.dll
0x00007ff8f99d0000 - 0x00007ff8f99e8000 	c:\Users\santi\.vscode\extensions\redhat.java-1.35.1-win32-x64\jre\17.0.12-win32-x86_64\bin\zip.dll
0x00007ff90cba0000 - 0x00007ff90d409000 	C:\Windows\System32\SHELL32.dll
0x00007ff909cd0000 - 0x00007ff90a5cf000 	C:\Windows\SYSTEM32\windows.storage.dll
0x00007ff909b90000 - 0x00007ff909ccf000 	C:\Windows\SYSTEM32\wintypes.dll
0x00007ff90c8f0000 - 0x00007ff90c9e9000 	C:\Windows\System32\SHCORE.dll
0x00007ff90e460000 - 0x00007ff90e4be000 	C:\Windows\System32\shlwapi.dll
0x00007ff90bc90000 - 0x00007ff90bcb7000 	C:\Windows\SYSTEM32\profapi.dll
0x00007ff8f85e0000 - 0x00007ff8f85f9000 	C:\Users\santi\.vscode\extensions\redhat.java-1.35.1-win32-x64\jre\17.0.12-win32-x86_64\bin\net.dll
0x00007ff906e50000 - 0x00007ff906f86000 	C:\Windows\SYSTEM32\WINHTTP.dll
0x00007ff90b220000 - 0x00007ff90b289000 	C:\Windows\system32\mswsock.dll
0x00007ff8d7670000 - 0x00007ff8d7686000 	C:\Users\santi\.vscode\extensions\redhat.java-1.35.1-win32-x64\jre\17.0.12-win32-x86_64\bin\nio.dll
0x00007ff8fad70000 - 0x00007ff8fad80000 	c:\Users\santi\.vscode\extensions\redhat.java-1.35.1-win32-x64\jre\17.0.12-win32-x86_64\bin\verify.dll
0x00007ff8be3d0000 - 0x00007ff8be415000 	C:\Users\santi\AppData\Roaming\Code\User\globalStorage\redhat.java\1.35.1\config_win\org.eclipse.equinox.launcher\org.eclipse.equinox.launcher.win32.win32.x86_64_1.2.1100.v20240722-2106\eclipse_11904.dll
0x00007ff90d4f0000 - 0x00007ff90d695000 	C:\Windows\System32\ole32.dll

dbghelp: loaded successfully - version: 4.0.5 - missing functions: none
symbol engine: initialized successfully - sym options: 0x614 - pdb path: .;c:\Users\santi\.vscode\extensions\redhat.java-1.35.1-win32-x64\jre\17.0.12-win32-x86_64\bin;C:\Windows\SYSTEM32;C:\Windows\WinSxS\amd64_microsoft.windows.common-controls_6595b64144ccf1df_6.0.22621.3672_none_2713b9d173822955;c:\Users\santi\.vscode\extensions\redhat.java-1.35.1-win32-x64\jre\17.0.12-win32-x86_64\bin\server;C:\Users\santi\AppData\Roaming\Code\User\globalStorage\redhat.java\1.35.1\config_win\org.eclipse.equinox.launcher\org.eclipse.equinox.launcher.win32.win32.x86_64_1.2.1100.v20240722-2106

VM Arguments:
jvm_args: --add-modules=ALL-SYSTEM --add-opens=java.base/java.util=ALL-UNNAMED --add-opens=java.base/java.lang=ALL-UNNAMED --add-opens=java.base/sun.nio.fs=ALL-UNNAMED -Declipse.application=org.eclipse.jdt.ls.core.id1 -Dosgi.bundles.defaultStartLevel=4 -Declipse.product=org.eclipse.jdt.ls.core.product -Djava.import.generatesMetadataFilesAtProjectRoot=false -DDetectVMInstallationsJob.disabled=true -Dfile.encoding=utf8 -XX:+UseParallelGC -XX:GCTimeRatio=4 -XX:AdaptiveSizePolicyWeight=90 -Dsun.zip.disableMemoryMapping=true -Xmx1G -Xms100m -Xlog:disable -javaagent:c:\Users\santi\.vscode\extensions\redhat.java-1.35.1-win32-x64\lombok\lombok-1.18.33.jar -XX:+HeapDumpOnOutOfMemoryError -XX:HeapDumpPath=c:\Users\santi\AppData\Roaming\Code\User\workspaceStorage\f05b41fcda697319eff167f4184182c6\redhat.java -Daether.dependencyCollector.impl=bf 
java_command: c:\Users\santi\.vscode\extensions\redhat.java-1.35.1-win32-x64\server\plugins\org.eclipse.equinox.launcher_1.6.900.v20240613-2009.jar -configuration c:\Users\santi\AppData\Roaming\Code\User\globalStorage\redhat.java\1.35.1\config_win -data c:\Users\santi\AppData\Roaming\Code\User\workspaceStorage\f05b41fcda697319eff167f4184182c6\redhat.java\jdt_ws --pipe=\\.\pipe\lsp-6a8bff11b285e7c9809fea0971e2c49d-sock
java_class_path (initial): c:\Users\santi\.vscode\extensions\redhat.java-1.35.1-win32-x64\server\plugins\org.eclipse.equinox.launcher_1.6.900.v20240613-2009.jar
Launcher Type: SUN_STANDARD

[Global flags]
    uintx AdaptiveSizePolicyWeight                 = 90                                        {product} {command line}
     intx CICompilerCount                          = 4                                         {product} {ergonomic}
    uintx GCTimeRatio                              = 4                                         {product} {command line}
     bool HeapDumpOnOutOfMemoryError               = true                                   {manageable} {command line}
    ccstr HeapDumpPath                             = c:\Users\santi\AppData\Roaming\Code\User\workspaceStorage\f05b41fcda697319eff167f4184182c6\redhat.java         {manageable} {command line}
   size_t InitialHeapSize                          = 104857600                                 {product} {command line}
   size_t MaxHeapSize                              = 1073741824                                {product} {command line}
   size_t MaxNewSize                               = 357564416                                 {product} {ergonomic}
   size_t MinHeapDeltaBytes                        = 524288                                    {product} {ergonomic}
   size_t MinHeapSize                              = 104857600                                 {product} {command line}
   size_t NewSize                                  = 34603008                                  {product} {ergonomic}
    uintx NonNMethodCodeHeapSize                   = 5839372                                {pd product} {ergonomic}
    uintx NonProfiledCodeHeapSize                  = 122909434                              {pd product} {ergonomic}
   size_t OldSize                                  = 70254592                                  {product} {ergonomic}
    uintx ProfiledCodeHeapSize                     = 122909434                              {pd product} {ergonomic}
    uintx ReservedCodeCacheSize                    = 251658240                              {pd product} {ergonomic}
     bool SegmentedCodeCache                       = true                                      {product} {ergonomic}
   size_t SoftMaxHeapSize                          = 1073741824                             {manageable} {ergonomic}
     bool UseCompressedClassPointers               = true                           {product lp64_product} {ergonomic}
     bool UseCompressedOops                        = true                           {product lp64_product} {ergonomic}
     bool UseLargePagesIndividualAllocation        = false                                  {pd product} {ergonomic}
     bool UseParallelGC                            = true                                      {product} {command line}

Logging:
Log output configuration:
 #0: stdout all=off uptime,level,tags
 #1: stderr all=off uptime,level,tags

Environment Variables:
PATH=C:\Python312\Scripts\;C:\Python312\;C:\Program Files\Common Files\Oracle\Java\javapath;C:\Program Files (x86)\Common Files\Oracle\Java\javapath;C:\Windows\system32;C:\Windows;C:\Windows\System32\Wbem;C:\Windows\System32\WindowsPowerShell\v1.0\;C:\Windows\System32\OpenSSH\;C:\Program Files\Git\cmd;C:\Program Files\nodejs\;C:\ProgramData\chocolatey\bin;C:\Users\santi\sqlite;C:\Users\santi\AppData\Local\Microsoft\WindowsApps;C:\Users\santi\AppData\Local\JetBrains\Toolbox\scripts;C:\Users\santi\AppData\Local\Programs\Microsoft VS Code\bin;C:\Users\santi\AppData\Local\GitHubDesktop\bin;C:\Users\santi\AppData\Roaming\npm
USERNAME=santi
OS=Windows_NT
PROCESSOR_IDENTIFIER=AMD64 Family 23 Model 24 Stepping 1, AuthenticAMD
TMP=C:\Users\santi\AppData\Local\Temp
TEMP=C:\Users\santi\AppData\Local\Temp



Periodic native trim disabled


---------------  S Y S T E M  ---------------

OS:
 Windows 11 , 64 bit Build 22621 (10.0.22621.3958)
OS uptime: 0 days 12:42 hours

CPU: total 8 (initial active 8) (8 cores per cpu, 2 threads per core) family 23 model 24 stepping 1 microcode 0x0, cx8, cmov, fxsr, ht, mmx, 3dnowpref, sse, sse2, sse3, ssse3, sse4a, sse4.1, sse4.2, popcnt, lzcnt, tsc, tscinvbit, avx, avx2, aes, clmul, bmi1, bmi2, adx, sha, fma, vzeroupper, clflush, clflushopt
Processor Information for all 8 processors :
  Max Mhz: 2300, Current Mhz: 1400, Mhz Limit: 2300

Memory: 4k page, system-wide physical 3459M (184M free)
TotalPageFile size 14211M (AvailPageFile size 34M)
current process WorkingSet (physical memory assigned to process): 106M, peak: 130M
current process commit charge ("private bytes"): 213M, peak: 242M

vm_info: OpenJDK 64-Bit Server VM (17.0.12+7) for windows-amd64 JRE (17.0.12+7), built on Jul 16 2024 22:08:24 by "admin" with MS VC++ 16.10 / 16.11 (VS2019)

END.
